<?xml version="1.0" encoding="UTF-8"?>
<testsuite name="com.pactera.bg.budsc.bank.zhang_yong_fu.AppTest" time="0.987" tests="3" errors="0" skipped="0" failures="0">
  <properties>
[...]
</properties>
  <testcase name="test1" classname="com.pactera.bg.budsc.bank.zhang_yong_fu.AppTest" time="0.001"/>
  <testcase name="test2" classname="com.pactera.bg.budsc.bank.zhang_yong_fu.AppTest" time="0.986"/>
  <testcase name="test3" classname="com.pactera.bg.budsc.bank.zhang_yong_fu.AppTest" time="0"/>
</testsuite>